<?xml version="1.0" encoding="UTF-8"?>
<testsuite xmlns:xsi="http://www.w3.org/2001/XMLSchema-instance" xsi:noNamespaceSchemaLocation="https://maven.apache.org/surefire/maven-surefire-plugin/xsd/surefire-test-report-3.0.xsd" version="3.0" name="cat.app.tiledom.model.BoardTest" time="0.05" tests="9" errors="0" skipped="0" failures="0">
  <properties>
[...]
</properties>
  <testcase name="testBoardConnected" classname="cat.app.tiledom.model.BoardTest" time="0.002"/>
  <testcase name="testTryMatch" classname="cat.app.tiledom.model.BoardTest" time="0.005"/>
  <testcase name="testBoardHasEvenTiles" classname="cat.app.tiledom.model.BoardTest" time="0.004"/>
  <testcase name="testTryMatchPairwise" classname="cat.app.tiledom.model.BoardTest" time="0.001"/>
  <testcase name="testBoardSizeIsCorrect" classname="cat.app.tiledom.model.BoardTest" time="0.002"/>
  <testcase name="testTryMatchFailsWhenSameTileSelected" classname="cat.app.tiledom.model.BoardTest" time="0.004"/>
  <testcase name="testHasAvailableMoves" classname="cat.app.tiledom.model.BoardTest" time="0.009"/>
  <testcase name="testIsEmpty" classname="cat.app.tiledom.model.BoardTest" time="0.001"/>
  <testcase name="testDefaultConstructor" classname="cat.app.tiledom.model.BoardTest" time="0.002"/>
</testsuite>